#
# There is insufficient memory for the Java Runtime Environment to continue.
# Native memory allocation (malloc) failed to allocate 1048576 bytes. Error detail: AllocateHeap
# Possible reasons:
#   The system is out of physical RAM or swap space
#   This process is running with CompressedOops enabled, and the Java Heap may be blocking the growth of the native heap
# Possible solutions:
#   Reduce memory load on the system
#   Increase physical memory or swap space
#   Check if swap backing store is full
#   Decrease Java heap size (-Xmx/-Xms)
#   Decrease number of Java threads
#   Decrease Java thread stack sizes (-Xss)
#   Set larger code cache with -XX:ReservedCodeCacheSize=
#   JVM is running with Unscaled Compressed Oops mode in which the Java heap is
#     placed in the first 4GB address space. The Java Heap base address is the
#     maximum limit for the native heap growth. Please use -XX:HeapBaseMinAddress
#     to set the Java Heap base and to place the Java Heap above 4GB virtual address.
# This output file may be truncated or incomplete.
#
#  Out of Memory Error (allocation.cpp:44), pid=20520, tid=35380
#
# JRE version: OpenJDK Runtime Environment Temurin-21.0.8+9 (21.0.8+9) (build 21.0.8+9-LTS)
# Java VM: OpenJDK 64-Bit Server VM Temurin-21.0.8+9 (21.0.8+9-LTS, mixed mode, sharing, tiered, compressed oops, compressed class ptrs, parallel gc, windows-amd64)
# No core dump will be written. Minidumps are not enabled by default on client versions of Windows
#

---------------  S U M M A R Y ------------

Command Line: --add-modules=ALL-SYSTEM --add-opens=java.base/java.util=ALL-UNNAMED --add-opens=java.base/java.lang=ALL-UNNAMED --add-opens=java.base/sun.nio.fs=ALL-UNNAMED -Declipse.application=org.eclipse.jdt.ls.core.id1 -Dosgi.bundles.defaultStartLevel=4 -Declipse.product=org.eclipse.jdt.ls.core.product -Djava.import.generatesMetadataFilesAtProjectRoot=false -DDetectVMInstallationsJob.disabled=true -Dfile.encoding=utf8 -XX:+UseParallelGC -XX:GCTimeRatio=4 -XX:AdaptiveSizePolicyWeight=90 -Dsun.zip.disableMemoryMapping=true -Xmx2G -Xms100m -Xlog:disable -javaagent:c:\Users\Johan\.vscode\extensions\redhat.java-1.44.0-win32-x64\lombok\lombok-1.18.39-4050.jar -XX:+HeapDumpOnOutOfMemoryError -XX:HeapDumpPath=c:\Users\Johan\AppData\Roaming\Code\User\workspaceStorage\c8dd6b7321bf6326f535194bcdc951f0\redhat.java -Daether.dependencyCollector.impl=bf c:\Users\Johan\.vscode\extensions\redhat.java-1.44.0-win32-x64\server\plugins\org.eclipse.equinox.launcher_1.7.0.v20250519-0528.jar -configuration c:\Users\Johan\AppData\Roaming\Code\User\globalStorage\redhat.java\1.44.0\config_win -data c:\Users\Johan\AppData\Roaming\Code\User\workspaceStorage\c8dd6b7321bf6326f535194bcdc951f0\redhat.java\jdt_ws --pipe=\\.\pipe\lsp-6aee45b6ffd36d1f09651311fa53e3b0-sock

Host: Intel(R) Xeon(R) CPU E3-1505M v6 @ 3.00GHz, 8 cores, 39G,  Windows 11 , 64 bit Build 22621 (10.0.22621.3958)
Time: Sat Aug 30 15:17:57 2025 Hora est. Pacífico, Sudamérica elapsed time: 334643.766520 seconds (3d 20h 57m 23s)

---------------  T H R E A D  ---------------

Current thread (0x000002381d000490):  JavaThread "Attach Listener" daemon [_thread_in_vm, id=35380, stack(0x0000008d7b100000,0x0000008d7b200000) (1024K)]

Stack: [0x0000008d7b100000,0x0000008d7b200000]
Native frames: (J=compiled Java code, j=interpreted, Vv=VM code, C=native code)
V  [jvm.dll+0x6d2449]
V  [jvm.dll+0x8ae341]
V  [jvm.dll+0x8b08be]
V  [jvm.dll+0x8b0fa3]
V  [jvm.dll+0x280c96]
V  [jvm.dll+0xc0347]
V  [jvm.dll+0x6d2cf9]
V  [jvm.dll+0x131116]
V  [jvm.dll+0x3f2d16]
V  [jvm.dll+0x857e6b]
V  [jvm.dll+0x6d0b0d]
C  [ucrtbase.dll+0x29333]
C  [KERNEL32.DLL+0x1257d]
C  [ntdll.dll+0x5af08]


---------------  P R O C E S S  ---------------

Threads class SMR info:
_java_thread_list=0x000002380154b5d0, length=46, elements={
0x000002381ae23070, 0x000002381cffa200, 0x000002381cffd2d0, 0x000002381cffe570,
0x000002381d000490, 0x000002381d004560, 0x000002381d004fb0, 0x000002381d005de0,
0x000002387639b680, 0x000002381d0f6c80, 0x0000023876649930, 0x000002387b27f970,
0x000002387b280690, 0x000002387b27d210, 0x000002387b27d8a0, 0x000002387b280000,
0x000002387b27df30, 0x000002387b9a3c00, 0x000002387b9a7710, 0x000002387b9a4290,
0x000002387b9a7080, 0x000002387b9a5640, 0x000002387b9a1b30, 0x000002387b9a4920,
0x000002387b9a0780, 0x000002387b9a69f0, 0x000002387b9a2850, 0x000002387b9a0e10,
0x000002387b9a2ee0, 0x000002387b9a4fb0, 0x000002387b9a7da0, 0x000002387d656b60,
0x000002387d659fe0, 0x000002387d6571f0, 0x000002387d6557b0, 0x000002387d654a90,
0x000002387d6564d0, 0x000002387d65a670, 0x000002387d653d70, 0x000002387d65b390,
0x000002387d654400, 0x000002387b27e5c0, 0x000002387b27ec50, 0x000002387f504a00,
0x000002387f502930, 0x000002387f500860
}

Java Threads: ( => current thread )
  0x000002381ae23070 JavaThread "main"                              [_thread_blocked, id=40908, stack(0x0000008d7aa00000,0x0000008d7ab00000) (1024K)]
  0x000002381cffa200 JavaThread "Reference Handler"          daemon [_thread_blocked, id=14768, stack(0x0000008d7ae00000,0x0000008d7af00000) (1024K)]
  0x000002381cffd2d0 JavaThread "Finalizer"                  daemon [_thread_blocked, id=18816, stack(0x0000008d7af00000,0x0000008d7b000000) (1024K)]
  0x000002381cffe570 JavaThread "Signal Dispatcher"          daemon [_thread_blocked, id=14636, stack(0x0000008d7b000000,0x0000008d7b100000) (1024K)]
=>0x000002381d000490 JavaThread "Attach Listener"            daemon [_thread_in_vm, id=35380, stack(0x0000008d7b100000,0x0000008d7b200000) (1024K)]
  0x000002381d004560 JavaThread "Service Thread"             daemon [_thread_blocked, id=43880, stack(0x0000008d7b200000,0x0000008d7b300000) (1024K)]
  0x000002381d004fb0 JavaThread "Monitor Deflation Thread"   daemon [_thread_blocked, id=4752, stack(0x0000008d7b300000,0x0000008d7b400000) (1024K)]
  0x000002381d005de0 JavaThread "C2 CompilerThread0"         daemon [_thread_blocked, id=42872, stack(0x0000008d7b400000,0x0000008d7b500000) (1024K)]
  0x000002387639b680 JavaThread "C1 CompilerThread0"         daemon [_thread_blocked, id=34300, stack(0x0000008d7b500000,0x0000008d7b600000) (1024K)]
  0x000002381d0f6c80 JavaThread "Common-Cleaner"             daemon [_thread_blocked, id=26392, stack(0x0000008d7b600000,0x0000008d7b700000) (1024K)]
  0x0000023876649930 JavaThread "Notification Thread"        daemon [_thread_blocked, id=42652, stack(0x0000008d7b800000,0x0000008d7b900000) (1024K)]
  0x000002387b27f970 JavaThread "Active Thread: Equinox Container: ac62e115-66bd-42cd-9d08-3e98b15b09bb"        [_thread_blocked, id=15304, stack(0x0000008d7c000000,0x0000008d7c100000) (1024K)]
  0x000002387b280690 JavaThread "Refresh Thread: Equinox Container: ac62e115-66bd-42cd-9d08-3e98b15b09bb" daemon [_thread_blocked, id=12536, stack(0x0000008d7c200000,0x0000008d7c300000) (1024K)]
  0x000002387b27d210 JavaThread "Framework Event Dispatcher: Equinox Container: ac62e115-66bd-42cd-9d08-3e98b15b09bb" daemon [_thread_blocked, id=11464, stack(0x0000008d7b900000,0x0000008d7ba00000) (1024K)]
  0x000002387b27d8a0 JavaThread "Start Level: Equinox Container: ac62e115-66bd-42cd-9d08-3e98b15b09bb" daemon [_thread_blocked, id=42112, stack(0x0000008d7c300000,0x0000008d7c400000) (1024K)]
  0x000002387b280000 JavaThread "Bundle File Closer"         daemon [_thread_blocked, id=25248, stack(0x0000008d7c500000,0x0000008d7c600000) (1024K)]
  0x000002387b27df30 JavaThread "SCR Component Actor"        daemon [_thread_blocked, id=25672, stack(0x0000008d7c600000,0x0000008d7c700000) (1024K)]
  0x000002387b9a3c00 JavaThread "Worker-JM"                         [_thread_blocked, id=11344, stack(0x0000008d7c800000,0x0000008d7c900000) (1024K)]
  0x000002387b9a7710 JavaThread "JNA Cleaner"                daemon [_thread_blocked, id=44352, stack(0x0000008d7c400000,0x0000008d7c500000) (1024K)]
  0x000002387b9a4290 JavaThread "Java indexing"              daemon [_thread_blocked, id=33812, stack(0x0000008d7cc00000,0x0000008d7cd00000) (1024K)]
  0x000002387b9a7080 JavaThread "Worker-4"                          [_thread_blocked, id=25072, stack(0x0000008d7d100000,0x0000008d7d200000) (1024K)]
  0x000002387b9a5640 JavaThread "Thread-2"                   daemon [_thread_in_native, id=5768, stack(0x0000008d7d200000,0x0000008d7d300000) (1024K)]
  0x000002387b9a1b30 JavaThread "Thread-3"                   daemon [_thread_in_native, id=15860, stack(0x0000008d7d300000,0x0000008d7d400000) (1024K)]
  0x000002387b9a4920 JavaThread "Thread-4"                   daemon [_thread_in_native, id=2392, stack(0x0000008d7d400000,0x0000008d7d500000) (1024K)]
  0x000002387b9a0780 JavaThread "Thread-5"                   daemon [_thread_in_native, id=35356, stack(0x0000008d7d500000,0x0000008d7d600000) (1024K)]
  0x000002387b9a69f0 JavaThread "Thread-6"                   daemon [_thread_in_native, id=30364, stack(0x0000008d7d600000,0x0000008d7d700000) (1024K)]
  0x000002387b9a2850 JavaThread "Thread-7"                   daemon [_thread_in_native, id=33224, stack(0x0000008d7d700000,0x0000008d7d800000) (1024K)]
  0x000002387b9a0e10 JavaThread "Thread-8"                   daemon [_thread_in_native, id=11276, stack(0x0000008d7d800000,0x0000008d7d900000) (1024K)]
  0x000002387b9a2ee0 JavaThread "Thread-9"                   daemon [_thread_in_native, id=36480, stack(0x0000008d7d900000,0x0000008d7da00000) (1024K)]
  0x000002387b9a4fb0 JavaThread "Thread-10"                  daemon [_thread_in_native, id=14592, stack(0x0000008d7da00000,0x0000008d7db00000) (1024K)]
  0x000002387b9a7da0 JavaThread "pool-2-thread-1"                   [_thread_blocked, id=44748, stack(0x0000008d7db00000,0x0000008d7dc00000) (1024K)]
  0x000002387d656b60 JavaThread "Timer-0"                           [_thread_blocked, id=4488, stack(0x0000008d7dd00000,0x0000008d7de00000) (1024K)]
  0x000002387d659fe0 JavaThread "WorkspaceEventsHandler"            [_thread_blocked, id=39052, stack(0x0000008d7de00000,0x0000008d7df00000) (1024K)]
  0x000002387d6571f0 JavaThread "pool-1-thread-1"                   [_thread_blocked, id=6548, stack(0x0000008d7df00000,0x0000008d7e000000) (1024K)]
  0x000002387d6557b0 JavaThread "Timer-1"                           [_thread_blocked, id=37268, stack(0x0000008d7e000000,0x0000008d7e100000) (1024K)]
  0x000002387d654a90 JavaThread "Timer-2"                           [_thread_blocked, id=2596, stack(0x0000008d7cb00000,0x0000008d7cc00000) (1024K)]
  0x000002387d6564d0 JavaThread "Timer-3"                           [_thread_blocked, id=29408, stack(0x0000008d7b700000,0x0000008d7b800000) (1024K)]
  0x000002387d65a670 JavaThread "Timer-4"                           [_thread_blocked, id=9568, stack(0x0000008d7e100000,0x0000008d7e200000) (1024K)]
  0x000002387d653d70 JavaThread "Timer-5"                           [_thread_blocked, id=18744, stack(0x0000008d7e200000,0x0000008d7e300000) (1024K)]
  0x000002387d65b390 JavaThread "Timer-6"                           [_thread_blocked, id=22196, stack(0x0000008d7e600000,0x0000008d7e700000) (1024K)]
  0x000002387d654400 JavaThread "Timer-7"                           [_thread_blocked, id=8952, stack(0x0000008d7e700000,0x0000008d7e800000) (1024K)]
  0x000002387b27e5c0 JavaThread "Timer-8"                           [_thread_blocked, id=43928, stack(0x0000008d7ea00000,0x0000008d7eb00000) (1024K)]
  0x000002387b27ec50 JavaThread "Timer-9"                           [_thread_blocked, id=5856, stack(0x0000008d7eb00000,0x0000008d7ec00000) (1024K)]
  0x000002387f504a00 JavaThread "Timer-10"                          [_thread_blocked, id=24676, stack(0x0000008d7f200000,0x0000008d7f300000) (1024K)]
  0x000002387f502930 JavaThread "Timer-11"                          [_thread_blocked, id=46612, stack(0x0000008d7f300000,0x0000008d7f400000) (1024K)]
  0x000002387f500860 JavaThread "Worker-9"                          [_thread_blocked, id=15764, stack(0x0000008d7a800000,0x0000008d7a900000) (1024K)]
Total: 46

Other Threads:
  0x000002381d12b1a0 VMThread "VM Thread"                           [id=16184, stack(0x0000008d7ad00000,0x0000008d7ae00000) (1024K)]
  0x000002381d0f3710 WatcherThread "VM Periodic Task Thread"        [id=29096, stack(0x0000008d7ac00000,0x0000008d7ad00000) (1024K)]
  0x000002381d0a85a0 WorkerThread "GC Thread#0"                     [id=20704, stack(0x0000008d7ab00000,0x0000008d7ac00000) (1024K)]
  0x00000238769064f0 WorkerThread "GC Thread#1"                     [id=33416, stack(0x0000008d7ba00000,0x0000008d7bb00000) (1024K)]
  0x0000023876c7ecf0 WorkerThread "GC Thread#2"                     [id=30904, stack(0x0000008d7bb00000,0x0000008d7bc00000) (1024K)]
  0x0000023876c7f090 WorkerThread "GC Thread#3"                     [id=43128, stack(0x0000008d7bc00000,0x0000008d7bd00000) (1024K)]
  0x0000023876705290 WorkerThread "GC Thread#4"                     [id=9192, stack(0x0000008d7bd00000,0x0000008d7be00000) (1024K)]
  0x0000023876705630 WorkerThread "GC Thread#5"                     [id=7372, stack(0x0000008d7be00000,0x0000008d7bf00000) (1024K)]
  0x00000238767059d0 WorkerThread "GC Thread#6"                     [id=34924, stack(0x0000008d7bf00000,0x0000008d7c000000) (1024K)]
  0x000002387b2e4960 WorkerThread "GC Thread#7"                     [id=30352, stack(0x0000008d7c100000,0x0000008d7c200000) (1024K)]
Total: 10

Threads with active compile tasks:
Total: 0

VM state: not at safepoint (normal execution)

VM Mutex/Monitor currently owned by a thread: None

Heap address: 0x0000000080000000, size: 2048 MB, Compressed Oops mode: 32-bit

CDS archive(s) mapped at: [0x0000023834000000-0x0000023834ba0000-0x0000023834ba0000), size 12189696, SharedBaseAddress: 0x0000023834000000, ArchiveRelocationMode: 1.
Compressed class space mapped at: 0x0000023835000000-0x0000023875000000, reserved size: 1073741824
Narrow klass base: 0x0000023834000000, Narrow klass shift: 0, Narrow klass range: 0x100000000

GC Precious Log:
 CardTable entry size: 512
 CPUs: 8 total, 8 available
 Memory: 40767M
 Large Page Support: Disabled
 NUMA Support: Disabled
 Compressed Oops: Enabled (32-bit)
 Alignments: Space 512K, Generation 512K, Heap 2M
 Heap Min Capacity: 100M
 Heap Initial Capacity: 100M
 Heap Max Capacity: 2G
 Pre-touch: Disabled
 Parallel Workers: 8

Heap:
 PSYoungGen      total 4096K, used 2106K [0x00000000d5580000, 0x00000000d5a80000, 0x0000000100000000)
  eden space 3584K, 52% used [0x00000000d5580000,0x00000000d5756b60,0x00000000d5900000)
  from space 512K, 43% used [0x00000000d5980000,0x00000000d59b8000,0x00000000d5a00000)
  to   space 512K, 0% used [0x00000000d5a00000,0x00000000d5a00000,0x00000000d5a80000)
 ParOldGen       total 215552K, used 66719K [0x0000000080000000, 0x000000008d280000, 0x00000000d5580000)
  object space 215552K, 30% used [0x0000000080000000,0x0000000084127da0,0x000000008d280000)
 Metaspace       used 68149K, committed 69696K, reserved 1114112K
  class space    used 8457K, committed 9152K, reserved 1048576K

Card table byte_map: [0x000002381ca20000,0x000002381ce30000] _byte_map_base: 0x000002381c620000

Marking Bits: (ParMarkBitMap*) 0x00007ffed8a8a340
 Begin Bits: [0x000002382f520000, 0x0000023831520000)
 End Bits:   [0x0000023831520000, 0x0000023833520000)

Polling page: 0x000002381aef0000

Metaspace:

Usage:
  Non-class:     58.29 MB used.
      Class:      8.26 MB used.
       Both:     66.55 MB used.

Virtual space:
  Non-class space:       64.00 MB reserved,      59.12 MB ( 92%) committed,  1 nodes.
      Class space:        1.00 GB reserved,       8.94 MB ( <1%) committed,  1 nodes.
             Both:        1.06 GB reserved,      68.06 MB (  6%) committed. 

Chunk freelists:
   Non-Class:  4.51 MB
       Class:  7.11 MB
        Both:  11.62 MB

MaxMetaspaceSize: unlimited
CompressedClassSpaceSize: 1.00 GB
Initial GC threshold: 21.00 MB
Current GC threshold: 97.31 MB
CDS: on
 - commit_granule_bytes: 65536.
 - commit_granule_words: 8192.
 - virtual_space_node_default_size: 8388608.
 - enlarge_chunks_in_place: 1.
 - use_allocation_guard: 0.


Internal statistics:

num_allocs_failed_limit: 9.
num_arena_births: 1270.
num_arena_deaths: 24.
num_vsnodes_births: 2.
num_vsnodes_deaths: 0.
num_space_committed: 1089.
num_space_uncommitted: 0.
num_chunks_returned_to_freelist: 34.
num_chunks_taken_from_freelist: 4327.
num_chunk_merges: 13.
num_chunk_splits: 2739.
num_chunks_enlarged: 1680.
num_inconsistent_stats: 0.

CodeHeap 'non-profiled nmethods': size=120000Kb used=8705Kb max_used=8705Kb free=111294Kb
 bounds [0x0000023827d40000, 0x00000238285d0000, 0x000002382f270000]
CodeHeap 'profiled nmethods': size=120000Kb used=20099Kb max_used=20099Kb free=99900Kb
 bounds [0x0000023820270000, 0x0000023821620000, 0x00000238277a0000]
CodeHeap 'non-nmethods': size=5760Kb used=1399Kb max_used=1479Kb free=4360Kb
 bounds [0x00000238277a0000, 0x0000023827a10000, 0x0000023827d40000]
CodeCache: size=245760Kb, used=30203Kb, max_used=30283Kb, free=215554Kb
 total_blobs=9957, nmethods=9248, adapters=615, full_count=0
Compilation: enabled, stopped_count=0, restarted_count=0

Compilation events (20 events):
Event: 334472.132 Thread 0x000002387639b680 9986       3       org.eclipse.core.internal.content.ContentTypeHandler::getTarget (76 bytes)
Event: 334472.137 Thread 0x000002387639b680 nmethod 9986 0x000002382160bd10 code [0x000002382160bf80, 0x000002382160cca0]
Event: 334472.137 Thread 0x000002387639b680 9985       3       org.eclipse.core.internal.content.ContentType::isValid (12 bytes)
Event: 334472.137 Thread 0x000002387639b680 nmethod 9985 0x000002382160d110 code [0x000002382160d2c0, 0x000002382160d438]
Event: 334472.137 Thread 0x000002387639b680 9987   !   3       org.eclipse.lsp4j.jsonrpc.RemoteEndpoint::notify (54 bytes)
Event: 334472.142 Thread 0x000002387639b680 nmethod 9987 0x000002382160d510 code [0x000002382160d740, 0x000002382160e028]
Event: 334536.080 Thread 0x000002381d005de0 9988       4       java.net.URI::decode (6 bytes)
Event: 334536.081 Thread 0x000002387639b680 9989       3       org.eclipse.core.internal.dtree.NoDataDeltaNode::<init> (14 bytes)
Event: 334536.082 Thread 0x000002381d005de0 nmethod 9988 0x00000238285c0010 code [0x00000238285c01a0, 0x00000238285c0238]
Event: 334536.082 Thread 0x000002387639b680 nmethod 9989 0x000002382160e310 code [0x000002382160e4c0, 0x000002382160e8b0]
Event: 334536.082 Thread 0x000002387639b680 9990       3       org.eclipse.core.internal.dtree.AbstractDataTreeNode::compareWithParent (133 bytes)
Event: 334536.083 Thread 0x000002387639b680 nmethod 9990 0x000002382160ea10 code [0x000002382160ec60, 0x000002382160f818]
Event: 334536.084 Thread 0x000002387639b680 9991       1       java.util.AbstractList$RandomAccessSpliterator::characteristics (4 bytes)
Event: 334536.084 Thread 0x000002387639b680 nmethod 9991 0x00000238285c0310 code [0x00000238285c04a0, 0x00000238285c0568]
Event: 334536.099 Thread 0x000002387639b680 9992       3       org.eclipse.core.internal.content.FileSpec::getMappingKeyFor (5 bytes)
Event: 334536.100 Thread 0x000002387639b680 nmethod 9992 0x000002382160fc10 code [0x000002382160fe00, 0x00000238216101d0]
Event: 334536.101 Thread 0x000002387639b680 9993       3       org.eclipse.core.internal.content.ContentTypeHandler::<init> (30 bytes)
Event: 334536.101 Thread 0x000002387639b680 nmethod 9993 0x0000023821610390 code [0x0000023821610560, 0x0000023821610980]
Event: 334536.212 Thread 0x000002387639b680 9994       3       org.eclipse.core.internal.dtree.AbstractDataTree::immutable (16 bytes)
Event: 334536.212 Thread 0x000002387639b680 nmethod 9994 0x0000023821610b90 code [0x0000023821610d40, 0x0000023821610ec8]

GC Heap History (20 events):
Event: 16071.382 GC heap before
{Heap before GC invocations=203 (full 3):
 PSYoungGen      total 4608K, used 3840K [0x00000000d5580000, 0x00000000d5b80000, 0x0000000100000000)
  eden space 3584K, 100% used [0x00000000d5580000,0x00000000d5900000,0x00000000d5900000)
  from space 1024K, 25% used [0x00000000d5980000,0x00000000d59c0000,0x00000000d5a80000)
  to   space 512K, 0% used [0x00000000d5b00000,0x00000000d5b00000,0x00000000d5b80000)
 ParOldGen       total 215552K, used 62780K [0x0000000080000000, 0x000000008d280000, 0x00000000d5580000)
  object space 215552K, 29% used [0x0000000080000000,0x0000000083d4f008,0x000000008d280000)
 Metaspace       used 67694K, committed 69248K, reserved 1114112K
  class space    used 8435K, committed 9088K, reserved 1048576K
}
Event: 16071.390 GC heap after
{Heap after GC invocations=203 (full 3):
 PSYoungGen      total 4096K, used 192K [0x00000000d5580000, 0x00000000d5b80000, 0x0000000100000000)
  eden space 3584K, 0% used [0x00000000d5580000,0x00000000d5580000,0x00000000d5900000)
  from space 512K, 37% used [0x00000000d5b00000,0x00000000d5b30000,0x00000000d5b80000)
  to   space 512K, 0% used [0x00000000d5a80000,0x00000000d5a80000,0x00000000d5b00000)
 ParOldGen       total 215552K, used 62900K [0x0000000080000000, 0x000000008d280000, 0x00000000d5580000)
  object space 215552K, 29% used [0x0000000080000000,0x0000000083d6d008,0x000000008d280000)
 Metaspace       used 67694K, committed 69248K, reserved 1114112K
  class space    used 8435K, committed 9088K, reserved 1048576K
}
Event: 48129.771 GC heap before
{Heap before GC invocations=204 (full 3):
 PSYoungGen      total 4096K, used 3776K [0x00000000d5580000, 0x00000000d5b80000, 0x0000000100000000)
  eden space 3584K, 100% used [0x00000000d5580000,0x00000000d5900000,0x00000000d5900000)
  from space 512K, 37% used [0x00000000d5b00000,0x00000000d5b30000,0x00000000d5b80000)
  to   space 512K, 0% used [0x00000000d5a80000,0x00000000d5a80000,0x00000000d5b00000)
 ParOldGen       total 215552K, used 62900K [0x0000000080000000, 0x000000008d280000, 0x00000000d5580000)
  object space 215552K, 29% used [0x0000000080000000,0x0000000083d6d008,0x000000008d280000)
 Metaspace       used 67857K, committed 69376K, reserved 1114112K
  class space    used 8450K, committed 9088K, reserved 1048576K
}
Event: 48129.782 GC heap after
{Heap after GC invocations=204 (full 3):
 PSYoungGen      total 4096K, used 256K [0x00000000d5580000, 0x00000000d5b80000, 0x0000000100000000)
  eden space 3584K, 0% used [0x00000000d5580000,0x00000000d5580000,0x00000000d5900000)
  from space 512K, 50% used [0x00000000d5a80000,0x00000000d5ac0000,0x00000000d5b00000)
  to   space 512K, 0% used [0x00000000d5b00000,0x00000000d5b00000,0x00000000d5b80000)
 ParOldGen       total 215552K, used 62956K [0x0000000080000000, 0x000000008d280000, 0x00000000d5580000)
  object space 215552K, 29% used [0x0000000080000000,0x0000000083d7b008,0x000000008d280000)
 Metaspace       used 67857K, committed 69376K, reserved 1114112K
  class space    used 8450K, committed 9088K, reserved 1048576K
}
Event: 99989.406 GC heap before
{Heap before GC invocations=205 (full 3):
 PSYoungGen      total 4096K, used 3840K [0x00000000d5580000, 0x00000000d5b80000, 0x0000000100000000)
  eden space 3584K, 100% used [0x00000000d5580000,0x00000000d5900000,0x00000000d5900000)
  from space 512K, 50% used [0x00000000d5a80000,0x00000000d5ac0000,0x00000000d5b00000)
  to   space 512K, 0% used [0x00000000d5b00000,0x00000000d5b00000,0x00000000d5b80000)
 ParOldGen       total 215552K, used 62956K [0x0000000080000000, 0x000000008d280000, 0x00000000d5580000)
  object space 215552K, 29% used [0x0000000080000000,0x0000000083d7b008,0x000000008d280000)
 Metaspace       used 67952K, committed 69504K, reserved 1114112K
  class space    used 8456K, committed 9152K, reserved 1048576K
}
Event: 99989.419 GC heap after
{Heap after GC invocations=205 (full 3):
 PSYoungGen      total 4096K, used 503K [0x00000000d5580000, 0x00000000d5c00000, 0x0000000100000000)
  eden space 3584K, 0% used [0x00000000d5580000,0x00000000d5580000,0x00000000d5900000)
  from space 512K, 98% used [0x00000000d5b00000,0x00000000d5b7de90,0x00000000d5b80000)
  to   space 1536K, 0% used [0x00000000d5900000,0x00000000d5900000,0x00000000d5a80000)
 ParOldGen       total 215552K, used 63516K [0x0000000080000000, 0x000000008d280000, 0x00000000d5580000)
  object space 215552K, 29% used [0x0000000080000000,0x0000000083e07008,0x000000008d280000)
 Metaspace       used 67952K, committed 69504K, reserved 1114112K
  class space    used 8456K, committed 9152K, reserved 1048576K
}
Event: 99989.433 GC heap before
{Heap before GC invocations=206 (full 3):
 PSYoungGen      total 4096K, used 4087K [0x00000000d5580000, 0x00000000d5c00000, 0x0000000100000000)
  eden space 3584K, 100% used [0x00000000d5580000,0x00000000d5900000,0x00000000d5900000)
  from space 512K, 98% used [0x00000000d5b00000,0x00000000d5b7de90,0x00000000d5b80000)
  to   space 1536K, 0% used [0x00000000d5900000,0x00000000d5900000,0x00000000d5a80000)
 ParOldGen       total 215552K, used 63516K [0x0000000080000000, 0x000000008d280000, 0x00000000d5580000)
  object space 215552K, 29% used [0x0000000080000000,0x0000000083e07008,0x000000008d280000)
 Metaspace       used 67954K, committed 69504K, reserved 1114112K
  class space    used 8456K, committed 9152K, reserved 1048576K
}
Event: 99989.438 GC heap after
{Heap after GC invocations=206 (full 3):
 PSYoungGen      total 5120K, used 1184K [0x00000000d5580000, 0x00000000d5c00000, 0x0000000100000000)
  eden space 3584K, 0% used [0x00000000d5580000,0x00000000d5580000,0x00000000d5900000)
  from space 1536K, 77% used [0x00000000d5900000,0x00000000d5a28000,0x00000000d5a80000)
  to   space 1536K, 0% used [0x00000000d5a80000,0x00000000d5a80000,0x00000000d5c00000)
 ParOldGen       total 215552K, used 63907K [0x0000000080000000, 0x000000008d280000, 0x00000000d5580000)
  object space 215552K, 29% used [0x0000000080000000,0x0000000083e68e98,0x000000008d280000)
 Metaspace       used 67954K, committed 69504K, reserved 1114112K
  class space    used 8456K, committed 9152K, reserved 1048576K
}
Event: 99989.446 GC heap before
{Heap before GC invocations=207 (full 3):
 PSYoungGen      total 5120K, used 4768K [0x00000000d5580000, 0x00000000d5c00000, 0x0000000100000000)
  eden space 3584K, 100% used [0x00000000d5580000,0x00000000d5900000,0x00000000d5900000)
  from space 1536K, 77% used [0x00000000d5900000,0x00000000d5a28000,0x00000000d5a80000)
  to   space 1536K, 0% used [0x00000000d5a80000,0x00000000d5a80000,0x00000000d5c00000)
 ParOldGen       total 215552K, used 63907K [0x0000000080000000, 0x000000008d280000, 0x00000000d5580000)
  object space 215552K, 29% used [0x0000000080000000,0x0000000083e68e98,0x000000008d280000)
 Metaspace       used 67954K, committed 69504K, reserved 1114112K
  class space    used 8456K, committed 9152K, reserved 1048576K
}
Event: 99989.453 GC heap after
{Heap after GC invocations=207 (full 3):
 PSYoungGen      total 5120K, used 1184K [0x00000000d5580000, 0x00000000d5c00000, 0x0000000100000000)
  eden space 3584K, 0% used [0x00000000d5580000,0x00000000d5580000,0x00000000d5900000)
  from space 1536K, 77% used [0x00000000d5a80000,0x00000000d5ba8000,0x00000000d5c00000)
  to   space 1536K, 0% used [0x00000000d5900000,0x00000000d5900000,0x00000000d5a80000)
 ParOldGen       total 215552K, used 64931K [0x0000000080000000, 0x000000008d280000, 0x00000000d5580000)
  object space 215552K, 30% used [0x0000000080000000,0x0000000083f68e98,0x000000008d280000)
 Metaspace       used 67954K, committed 69504K, reserved 1114112K
  class space    used 8456K, committed 9152K, reserved 1048576K
}
Event: 99989.503 GC heap before
{Heap before GC invocations=208 (full 3):
 PSYoungGen      total 5120K, used 4768K [0x00000000d5580000, 0x00000000d5c00000, 0x0000000100000000)
  eden space 3584K, 100% used [0x00000000d5580000,0x00000000d5900000,0x00000000d5900000)
  from space 1536K, 77% used [0x00000000d5a80000,0x00000000d5ba8000,0x00000000d5c00000)
  to   space 1536K, 0% used [0x00000000d5900000,0x00000000d5900000,0x00000000d5a80000)
 ParOldGen       total 215552K, used 64931K [0x0000000080000000, 0x000000008d280000, 0x00000000d5580000)
  object space 215552K, 30% used [0x0000000080000000,0x0000000083f68e98,0x000000008d280000)
 Metaspace       used 67954K, committed 69504K, reserved 1114112K
  class space    used 8456K, committed 9152K, reserved 1048576K
}
Event: 99989.513 GC heap after
{Heap after GC invocations=208 (full 3):
 PSYoungGen      total 4608K, used 710K [0x00000000d5580000, 0x00000000d5b00000, 0x0000000100000000)
  eden space 3584K, 0% used [0x00000000d5580000,0x00000000d5580000,0x00000000d5900000)
  from space 1024K, 69% used [0x00000000d5900000,0x00000000d59b1b10,0x00000000d5a00000)
  to   space 1024K, 0% used [0x00000000d5a00000,0x00000000d5a00000,0x00000000d5b00000)
 ParOldGen       total 215552K, used 66075K [0x0000000080000000, 0x000000008d280000, 0x00000000d5580000)
  object space 215552K, 30% used [0x0000000080000000,0x0000000084086e98,0x000000008d280000)
 Metaspace       used 67954K, committed 69504K, reserved 1114112K
  class space    used 8456K, committed 9152K, reserved 1048576K
}
Event: 142507.827 GC heap before
{Heap before GC invocations=209 (full 3):
 PSYoungGen      total 4608K, used 4294K [0x00000000d5580000, 0x00000000d5b00000, 0x0000000100000000)
  eden space 3584K, 99% used [0x00000000d5580000,0x00000000d58ffec8,0x00000000d5900000)
  from space 1024K, 69% used [0x00000000d5900000,0x00000000d59b1b10,0x00000000d5a00000)
  to   space 1024K, 0% used [0x00000000d5a00000,0x00000000d5a00000,0x00000000d5b00000)
 ParOldGen       total 215552K, used 66075K [0x0000000080000000, 0x000000008d280000, 0x00000000d5580000)
  object space 215552K, 30% used [0x0000000080000000,0x0000000084086e98,0x000000008d280000)
 Metaspace       used 67964K, committed 69504K, reserved 1114112K
  class space    used 8456K, committed 9152K, reserved 1048576K
}
Event: 142507.856 GC heap after
{Heap after GC invocations=209 (full 3):
 PSYoungGen      total 4096K, used 224K [0x00000000d5580000, 0x00000000d5a80000, 0x0000000100000000)
  eden space 3584K, 0% used [0x00000000d5580000,0x00000000d5580000,0x00000000d5900000)
  from space 512K, 43% used [0x00000000d5a00000,0x00000000d5a38000,0x00000000d5a80000)
  to   space 512K, 0% used [0x00000000d5980000,0x00000000d5980000,0x00000000d5a00000)
 ParOldGen       total 215552K, used 66623K [0x0000000080000000, 0x000000008d280000, 0x00000000d5580000)
  object space 215552K, 30% used [0x0000000080000000,0x000000008410fda0,0x000000008d280000)
 Metaspace       used 67964K, committed 69504K, reserved 1114112K
  class space    used 8456K, committed 9152K, reserved 1048576K
}
Event: 181756.200 GC heap before
{Heap before GC invocations=210 (full 3):
 PSYoungGen      total 4096K, used 3798K [0x00000000d5580000, 0x00000000d5a80000, 0x0000000100000000)
  eden space 3584K, 99% used [0x00000000d5580000,0x00000000d58fd848,0x00000000d5900000)
  from space 512K, 43% used [0x00000000d5a00000,0x00000000d5a38000,0x00000000d5a80000)
  to   space 512K, 0% used [0x00000000d5980000,0x00000000d5980000,0x00000000d5a00000)
 ParOldGen       total 215552K, used 66623K [0x0000000080000000, 0x000000008d280000, 0x00000000d5580000)
  object space 215552K, 30% used [0x0000000080000000,0x000000008410fda0,0x000000008d280000)
 Metaspace       used 68041K, committed 69568K, reserved 1114112K
  class space    used 8456K, committed 9152K, reserved 1048576K
}
Event: 181756.207 GC heap after
{Heap after GC invocations=210 (full 3):
 PSYoungGen      total 4096K, used 224K [0x00000000d5580000, 0x00000000d5a80000, 0x0000000100000000)
  eden space 3584K, 0% used [0x00000000d5580000,0x00000000d5580000,0x00000000d5900000)
  from space 512K, 43% used [0x00000000d5980000,0x00000000d59b8000,0x00000000d5a00000)
  to   space 512K, 0% used [0x00000000d5a00000,0x00000000d5a00000,0x00000000d5a80000)
 ParOldGen       total 215552K, used 66647K [0x0000000080000000, 0x000000008d280000, 0x00000000d5580000)
  object space 215552K, 30% used [0x0000000080000000,0x0000000084115da0,0x000000008d280000)
 Metaspace       used 68041K, committed 69568K, reserved 1114112K
  class space    used 8456K, committed 9152K, reserved 1048576K
}
Event: 257600.107 GC heap before
{Heap before GC invocations=211 (full 3):
 PSYoungGen      total 4096K, used 3807K [0x00000000d5580000, 0x00000000d5a80000, 0x0000000100000000)
  eden space 3584K, 99% used [0x00000000d5580000,0x00000000d58fffd8,0x00000000d5900000)
  from space 512K, 43% used [0x00000000d5980000,0x00000000d59b8000,0x00000000d5a00000)
  to   space 512K, 0% used [0x00000000d5a00000,0x00000000d5a00000,0x00000000d5a80000)
 ParOldGen       total 215552K, used 66647K [0x0000000080000000, 0x000000008d280000, 0x00000000d5580000)
  object space 215552K, 30% used [0x0000000080000000,0x0000000084115da0,0x000000008d280000)
 Metaspace       used 68089K, committed 69696K, reserved 1114112K
  class space    used 8456K, committed 9152K, reserved 1048576K
}
Event: 257600.119 GC heap after
{Heap after GC invocations=211 (full 3):
 PSYoungGen      total 4096K, used 192K [0x00000000d5580000, 0x00000000d5a80000, 0x0000000100000000)
  eden space 3584K, 0% used [0x00000000d5580000,0x00000000d5580000,0x00000000d5900000)
  from space 512K, 37% used [0x00000000d5a00000,0x00000000d5a30000,0x00000000d5a80000)
  to   space 512K, 0% used [0x00000000d5980000,0x00000000d5980000,0x00000000d5a00000)
 ParOldGen       total 215552K, used 66679K [0x0000000080000000, 0x000000008d280000, 0x00000000d5580000)
  object space 215552K, 30% used [0x0000000080000000,0x000000008411dda0,0x000000008d280000)
 Metaspace       used 68089K, committed 69696K, reserved 1114112K
  class space    used 8456K, committed 9152K, reserved 1048576K
}
Event: 334392.157 GC heap before
{Heap before GC invocations=212 (full 3):
 PSYoungGen      total 4096K, used 3776K [0x00000000d5580000, 0x00000000d5a80000, 0x0000000100000000)
  eden space 3584K, 100% used [0x00000000d5580000,0x00000000d5900000,0x00000000d5900000)
  from space 512K, 37% used [0x00000000d5a00000,0x00000000d5a30000,0x00000000d5a80000)
  to   space 512K, 0% used [0x00000000d5980000,0x00000000d5980000,0x00000000d5a00000)
 ParOldGen       total 215552K, used 66679K [0x0000000080000000, 0x000000008d280000, 0x00000000d5580000)
  object space 215552K, 30% used [0x0000000080000000,0x000000008411dda0,0x000000008d280000)
 Metaspace       used 68120K, committed 69696K, reserved 1114112K
  class space    used 8456K, committed 9152K, reserved 1048576K
}
Event: 334392.169 GC heap after
{Heap after GC invocations=212 (full 3):
 PSYoungGen      total 4096K, used 224K [0x00000000d5580000, 0x00000000d5a80000, 0x0000000100000000)
  eden space 3584K, 0% used [0x00000000d5580000,0x00000000d5580000,0x00000000d5900000)
  from space 512K, 43% used [0x00000000d5980000,0x00000000d59b8000,0x00000000d5a00000)
  to   space 512K, 0% used [0x00000000d5a00000,0x00000000d5a00000,0x00000000d5a80000)
 ParOldGen       total 215552K, used 66719K [0x0000000080000000, 0x000000008d280000, 0x00000000d5580000)
  object space 215552K, 30% used [0x0000000080000000,0x0000000084127da0,0x000000008d280000)
 Metaspace       used 68120K, committed 69696K, reserved 1114112K
  class space    used 8456K, committed 9152K, reserved 1048576K
}

Dll operation events (15 events):
Event: 0.012 Loaded shared library c:\Users\Johan\.vscode\extensions\redhat.java-1.44.0-win32-x64\jre\21.0.8-win32-x86_64\bin\java.dll
Event: 0.271 Loaded shared library c:\Users\Johan\.vscode\extensions\redhat.java-1.44.0-win32-x64\jre\21.0.8-win32-x86_64\bin\zip.dll
Event: 0.301 Loaded shared library C:\Users\Johan\.vscode\extensions\redhat.java-1.44.0-win32-x64\jre\21.0.8-win32-x86_64\bin\instrument.dll
Event: 0.327 Loaded shared library C:\Users\Johan\.vscode\extensions\redhat.java-1.44.0-win32-x64\jre\21.0.8-win32-x86_64\bin\net.dll
Event: 0.330 Loaded shared library C:\Users\Johan\.vscode\extensions\redhat.java-1.44.0-win32-x64\jre\21.0.8-win32-x86_64\bin\nio.dll
Event: 0.334 Loaded shared library C:\Users\Johan\.vscode\extensions\redhat.java-1.44.0-win32-x64\jre\21.0.8-win32-x86_64\bin\zip.dll
Event: 0.362 Loaded shared library C:\Users\Johan\.vscode\extensions\redhat.java-1.44.0-win32-x64\jre\21.0.8-win32-x86_64\bin\jimage.dll
Event: 0.522 Loaded shared library c:\Users\Johan\.vscode\extensions\redhat.java-1.44.0-win32-x64\jre\21.0.8-win32-x86_64\bin\verify.dll
Event: 2.494 Loaded shared library C:\Users\Johan\AppData\Roaming\Code\User\globalStorage\redhat.java\1.44.0\config_win\org.eclipse.equinox.launcher\org.eclipse.equinox.launcher.win32.win32.x86_64_1.2.1400.v20250730-1736\eclipse_11913.dll
Event: 4.310 Loaded shared library C:\Users\Johan\AppData\Local\Temp\jna-71750416\jna11339200152360657953.dll
Event: 24.882 Loaded shared library C:\Users\Johan\.gradle\native\c067742578af261105cb4f569cf0c3c89f3d7b1fecec35dd04571415982c5e48\windows-amd64\native-platform.dll
Event: 37.108 Loaded shared library C:\Users\Johan\.vscode\extensions\redhat.java-1.44.0-win32-x64\jre\21.0.8-win32-x86_64\bin\management.dll
Event: 37.111 Loaded shared library C:\Users\Johan\.vscode\extensions\redhat.java-1.44.0-win32-x64\jre\21.0.8-win32-x86_64\bin\management_ext.dll
Event: 40.171 Loaded shared library C:\Users\Johan\.vscode\extensions\redhat.java-1.44.0-win32-x64\jre\21.0.8-win32-x86_64\bin\extnet.dll
Event: 44.654 Loaded shared library C:\Users\Johan\.vscode\extensions\redhat.java-1.44.0-win32-x64\jre\21.0.8-win32-x86_64\bin\sunmscapi.dll

Deoptimization events (20 events):
Event: 181767.275 Thread 0x000002387d659fe0 DEOPT PACKING pc=0x00000238213936c6 sp=0x0000008d7defe4c0
Event: 181767.275 Thread 0x000002387d659fe0 DEOPT UNPACKING pc=0x00000238277f4242 sp=0x0000008d7defda40 mode 0
Event: 195608.696 Thread 0x000002387b9a7080 DEOPT PACKING pc=0x0000023821034ccd sp=0x0000008d7d1fe8f0
Event: 195608.696 Thread 0x000002387b9a7080 DEOPT UNPACKING pc=0x00000238277f4242 sp=0x0000008d7d1fdd50 mode 0
Event: 196508.748 Thread 0x000002387f5077f0 Uncommon trap: trap_request=0xffffffbe fr.pc=0x00000238285ab1d4 relative=0x00000000000002b4
Event: 196508.748 Thread 0x000002387f5077f0 Uncommon trap: reason=profile_predicate action=maybe_recompile pc=0x00000238285ab1d4 method=sun.security.provider.HashDrbg.addBytes([BI[[B)V @ 36 c2
Event: 196508.748 Thread 0x000002387f5077f0 DEOPT PACKING pc=0x00000238285ab1d4 sp=0x0000008d7a8fe780
Event: 196508.749 Thread 0x000002387f5077f0 DEOPT UNPACKING pc=0x00000238277f3aa2 sp=0x0000008d7a8fe6d0 mode 2
Event: 196508.749 Thread 0x000002387f5077f0 Uncommon trap: trap_request=0xffffffbe fr.pc=0x00000238285ab1d4 relative=0x00000000000002b4
Event: 196508.749 Thread 0x000002387f5077f0 Uncommon trap: reason=profile_predicate action=maybe_recompile pc=0x00000238285ab1d4 method=sun.security.provider.HashDrbg.addBytes([BI[[B)V @ 36 c2
Event: 196508.749 Thread 0x000002387f5077f0 DEOPT PACKING pc=0x00000238285ab1d4 sp=0x0000008d7a8fea60
Event: 196508.749 Thread 0x000002387f5077f0 DEOPT UNPACKING pc=0x00000238277f3aa2 sp=0x0000008d7a8fe9b0 mode 2
Event: 197408.751 Thread 0x000002387b9a7080 Uncommon trap: trap_request=0xffffffbe fr.pc=0x00000238285ab1d4 relative=0x00000000000002b4
Event: 197408.751 Thread 0x000002387b9a7080 Uncommon trap: reason=profile_predicate action=maybe_recompile pc=0x00000238285ab1d4 method=sun.security.provider.HashDrbg.addBytes([BI[[B)V @ 36 c2
Event: 197408.751 Thread 0x000002387b9a7080 DEOPT PACKING pc=0x00000238285ab1d4 sp=0x0000008d7d1fe900
Event: 197408.751 Thread 0x000002387b9a7080 DEOPT UNPACKING pc=0x00000238277f3aa2 sp=0x0000008d7d1fe850 mode 2
Event: 197408.751 Thread 0x000002387b9a7080 Uncommon trap: trap_request=0xffffffbe fr.pc=0x00000238285ab1d4 relative=0x00000000000002b4
Event: 197408.751 Thread 0x000002387b9a7080 Uncommon trap: reason=profile_predicate action=maybe_recompile pc=0x00000238285ab1d4 method=sun.security.provider.HashDrbg.addBytes([BI[[B)V @ 36 c2
Event: 197408.751 Thread 0x000002387b9a7080 DEOPT PACKING pc=0x00000238285ab1d4 sp=0x0000008d7d1febe0
Event: 197408.751 Thread 0x000002387b9a7080 DEOPT UNPACKING pc=0x00000238277f3aa2 sp=0x0000008d7d1feb30 mode 2

Classes loaded (20 events):
Event: 339.404 Loading class java/util/stream/Nodes$CollectorTask$OfRef
Event: 339.404 Loading class java/util/stream/Nodes$CollectorTask
Event: 339.404 Loading class java/util/stream/Nodes$CollectorTask done
Event: 339.404 Loading class java/util/stream/Nodes$CollectorTask$OfRef done
Event: 339.404 Loading class java/util/function/LongFunction
Event: 339.404 Loading class java/util/function/LongFunction done
Event: 339.405 Loading class java/util/stream/Nodes$ConcNode
Event: 339.405 Loading class java/util/stream/Nodes$AbstractConcNode
Event: 339.405 Loading class java/util/stream/Nodes$AbstractConcNode done
Event: 339.405 Loading class java/util/stream/Nodes$ConcNode done
Event: 339.448 Loading class java/nio/charset/MalformedInputException
Event: 339.448 Loading class java/nio/charset/MalformedInputException done
Event: 587.657 Loading class java/util/stream/DistinctOps
Event: 587.658 Loading class java/util/stream/DistinctOps done
Event: 587.658 Loading class java/util/stream/DistinctOps$1
Event: 587.659 Loading class java/util/stream/DistinctOps$1 done
Event: 587.667 Loading class java/util/stream/DistinctOps$1$2
Event: 587.667 Loading class java/util/stream/DistinctOps$1$2 done
Event: 159466.603 Loading class jdk/internal/access/JavaAWTAccess
Event: 159466.607 Loading class jdk/internal/access/JavaAWTAccess done

Classes unloaded (12 events):
Event: 5.213 Thread 0x000002381d12b1a0 Unloading class 0x00000238351ad000 'java/lang/invoke/LambdaForm$MH+0x00000238351ad000'
Event: 5.213 Thread 0x000002381d12b1a0 Unloading class 0x00000238351acc00 'java/lang/invoke/LambdaForm$MH+0x00000238351acc00'
Event: 5.213 Thread 0x000002381d12b1a0 Unloading class 0x00000238351ac800 'java/lang/invoke/LambdaForm$MH+0x00000238351ac800'
Event: 5.213 Thread 0x000002381d12b1a0 Unloading class 0x00000238351ac400 'java/lang/invoke/LambdaForm$MH+0x00000238351ac400'
Event: 5.213 Thread 0x000002381d12b1a0 Unloading class 0x00000238351ac000 'java/lang/invoke/LambdaForm$BMH+0x00000238351ac000'
Event: 5.213 Thread 0x000002381d12b1a0 Unloading class 0x00000238351abc00 'java/lang/invoke/LambdaForm$DMH+0x00000238351abc00'
Event: 5.213 Thread 0x000002381d12b1a0 Unloading class 0x00000238351aa800 'java/lang/invoke/LambdaForm$DMH+0x00000238351aa800'
Event: 7.308 Thread 0x000002381d12b1a0 Unloading class 0x0000023835304c00 'java/lang/invoke/LambdaForm$MH+0x0000023835304c00'
Event: 7.308 Thread 0x000002381d12b1a0 Unloading class 0x0000023835303400 'java/lang/invoke/LambdaForm$DMH+0x0000023835303400'
Event: 7.308 Thread 0x000002381d12b1a0 Unloading class 0x0000023835302c00 'java/lang/invoke/LambdaForm$MH+0x0000023835302c00'
Event: 7.308 Thread 0x000002381d12b1a0 Unloading class 0x0000023835300c00 'java/lang/invoke/LambdaForm$MH+0x0000023835300c00'
Event: 7.308 Thread 0x000002381d12b1a0 Unloading class 0x00000238352ed400 'java/lang/invoke/LambdaForm$DMH+0x00000238352ed400'

Classes redefined (0 events):
No events

Internal exceptions (20 events):
Event: 65.234 Thread 0x000002387d6571f0 Exception <a 'sun/nio/fs/WindowsException'{0x00000000d57fe1c0}> (0x00000000d57fe1c0) 
thrown [s\src\hotspot\share\prims\jni.cpp, line 520]
Event: 65.235 Thread 0x000002387d6571f0 Exception <a 'sun/nio/fs/WindowsException'{0x00000000d5827150}> (0x00000000d5827150) 
thrown [s\src\hotspot\share\prims\jni.cpp, line 520]
Event: 65.235 Thread 0x000002387d6571f0 Exception <a 'sun/nio/fs/WindowsException'{0x00000000d5827a30}> (0x00000000d5827a30) 
thrown [s\src\hotspot\share\prims\jni.cpp, line 520]
Event: 65.237 Thread 0x000002387d6571f0 Exception <a 'sun/nio/fs/WindowsException'{0x00000000d58555e8}> (0x00000000d58555e8) 
thrown [s\src\hotspot\share\prims\jni.cpp, line 520]
Event: 65.237 Thread 0x000002387d6571f0 Exception <a 'sun/nio/fs/WindowsException'{0x00000000d5855c18}> (0x00000000d5855c18) 
thrown [s\src\hotspot\share\prims\jni.cpp, line 520]
Event: 65.237 Thread 0x000002387d6571f0 Exception <a 'sun/nio/fs/WindowsException'{0x00000000d585d9d0}> (0x00000000d585d9d0) 
thrown [s\src\hotspot\share\prims\jni.cpp, line 520]
Event: 65.237 Thread 0x000002387d6571f0 Exception <a 'sun/nio/fs/WindowsException'{0x00000000d5865ae8}> (0x00000000d5865ae8) 
thrown [s\src\hotspot\share\prims\jni.cpp, line 520]
Event: 65.295 Thread 0x000002387b9a3570 Exception <a 'java/io/FileNotFoundException'{0x00000000d568be58}> (0x00000000d568be58) 
thrown [s\src\hotspot\share\prims\jni.cpp, line 520]
Event: 65.295 Thread 0x000002387b9a3570 Exception <a 'java/io/FileNotFoundException'{0x00000000d5695770}> (0x00000000d5695770) 
thrown [s\src\hotspot\share\prims\jni.cpp, line 520]
Event: 65.371 Thread 0x000002387b9a6360 Exception <a 'java/lang/NoSuchMethodError'{0x00000000d5a95f58}: 'java.lang.Object java.lang.invoke.DirectMethodHandle$Holder.invokeStatic(java.lang.Object, java.lang.Object, int, java.lang.Object)'> (0x00000000d5a95f58) 
thrown [s\src\hotspot\share\interpreter\linkResolver.cpp, line 773]
Event: 65.407 Thread 0x000002387d6571f0 Exception <a 'java/lang/IncompatibleClassChangeError'{0x00000000d56daa48}: Found class java.lang.Object, but interface was expected> (0x00000000d56daa48) 
thrown [s\src\hotspot\share\interpreter\linkResolver.cpp, line 840]
Event: 65.478 Thread 0x000002387b9a6360 Exception <a 'java/io/FileNotFoundException'{0x00000000d571e160}> (0x00000000d571e160) 
thrown [s\src\hotspot\share\prims\jni.cpp, line 520]
Event: 65.478 Thread 0x000002387d659950 Exception <a 'java/io/FileNotFoundException'{0x00000000d571b678}> (0x00000000d571b678) 
thrown [s\src\hotspot\share\prims\jni.cpp, line 520]
Event: 65.512 Thread 0x000002387f503650 Implicit null exception at 0x00000238284b7ba1 to 0x00000238284b7d04
Event: 66.418 Thread 0x000002387f503650 Implicit null exception at 0x00000238284b5344 to 0x00000238284b5710
Event: 339.418 Thread 0x000002387b9a7080 Exception <a 'java/lang/NoSuchMethodError'{0x00000000d578a2d8}: 'java.lang.Object java.lang.invoke.DirectMethodHandle$Holder.newInvokeSpecial(java.lang.Object, java.lang.Object, java.lang.Object, java.lang.Object, java.lang.Object, java.lang.Object, java.lang.Object, java.lang.Object)'> (0x00000000d578a2d8) 
thrown [s\src\hotspot\share\interpreter\linkResolver.cpp, line 773]
Event: 587.669 Thread 0x000002387d659fe0 Implicit null exception at 0x00000238283a080d to 0x00000238283a0b70
Event: 18498.656 Thread 0x000002387d6571f0 Exception <a 'java/lang/IncompatibleClassChangeError'{0x00000000d570f0b0}: Found class java.lang.Object, but interface was expected> (0x00000000d570f0b0) 
thrown [s\src\hotspot\share\interpreter\linkResolver.cpp, line 840]
Event: 18502.780 Thread 0x000002387f5077f0 Exception <a 'java/lang/NoSuchMethodError'{0x00000000d57d60d0}: 'java.lang.Object java.lang.invoke.DirectMethodHandle$Holder.invokeStaticInit(java.lang.Object, java.lang.Object, java.lang.Object)'> (0x00000000d57d60d0) 
thrown [s\src\hotspot\share\interpreter\linkResolver.cpp, line 773]
Event: 99988.805 Thread 0x000002387d6571f0 Exception <a 'java/lang/IncompatibleClassChangeError'{0x00000000d56b80e8}: Found class java.lang.Object, but interface was expected> (0x00000000d56b80e8) 
thrown [s\src\hotspot\share\interpreter\linkResolver.cpp, line 840]

ZGC Phase Switch (0 events):
No events

VM Operations (20 events):
Event: 334176.023 Executing VM operation: RendezvousGCThreads
Event: 334176.023 Executing VM operation: RendezvousGCThreads done
Event: 334392.088 Executing VM operation: HandshakeAllThreads (Deoptimize)
Event: 334392.088 Executing VM operation: HandshakeAllThreads (Deoptimize) done
Event: 334392.155 Executing VM operation: ParallelGCFailedAllocation (Allocation Failure)
Event: 334392.169 Executing VM operation: ParallelGCFailedAllocation (Allocation Failure) done
Event: 334393.170 Executing VM operation: Cleanup
Event: 334393.170 Executing VM operation: Cleanup done
Event: 334420.183 Executing VM operation: Cleanup
Event: 334420.183 Executing VM operation: Cleanup done
Event: 334472.228 Executing VM operation: Cleanup
Event: 334472.228 Executing VM operation: Cleanup done
Event: 334473.229 Executing VM operation: Cleanup
Event: 334473.229 Executing VM operation: Cleanup done
Event: 334536.294 Executing VM operation: Cleanup
Event: 334536.294 Executing VM operation: Cleanup done
Event: 334536.765 Executing VM operation: HandshakeAllThreads (HandshakeForDeflation)
Event: 334536.765 Executing VM operation: HandshakeAllThreads (HandshakeForDeflation) done
Event: 334536.767 Executing VM operation: RendezvousGCThreads
Event: 334536.767 Executing VM operation: RendezvousGCThreads done

Memory protections (0 events):
No events

Nmethod flushes (20 events):
Event: 38.201 Thread 0x000002381d12b1a0 flushing  nmethod 0x0000023820a3f190
Event: 38.201 Thread 0x000002381d12b1a0 flushing  nmethod 0x0000023820a45290
Event: 38.201 Thread 0x000002381d12b1a0 flushing  nmethod 0x0000023820a6e710
Event: 38.201 Thread 0x000002381d12b1a0 flushing osr nmethod 0x0000023820ac3710
Event: 38.201 Thread 0x000002381d12b1a0 flushing  nmethod 0x0000023820ac5890
Event: 38.201 Thread 0x000002381d12b1a0 flushing  nmethod 0x0000023820ae2f90
Event: 38.201 Thread 0x000002381d12b1a0 flushing  nmethod 0x0000023820af6f90
Event: 38.201 Thread 0x000002381d12b1a0 flushing  nmethod 0x0000023820af7510
Event: 38.201 Thread 0x000002381d12b1a0 flushing  nmethod 0x0000023820b03610
Event: 38.201 Thread 0x000002381d12b1a0 flushing  nmethod 0x0000023820b06090
Event: 38.201 Thread 0x000002381d12b1a0 flushing  nmethod 0x0000023820b23a10
Event: 38.201 Thread 0x000002381d12b1a0 flushing  nmethod 0x0000023820b25a10
Event: 38.201 Thread 0x000002381d12b1a0 flushing  nmethod 0x0000023820b26010
Event: 38.201 Thread 0x000002381d12b1a0 flushing  nmethod 0x0000023820b26e90
Event: 38.201 Thread 0x000002381d12b1a0 flushing  nmethod 0x0000023820b2a090
Event: 38.201 Thread 0x000002381d12b1a0 flushing  nmethod 0x0000023820b36510
Event: 38.201 Thread 0x000002381d12b1a0 flushing  nmethod 0x0000023820b3a810
Event: 38.201 Thread 0x000002381d12b1a0 flushing  nmethod 0x0000023820b4ed90
Event: 38.201 Thread 0x000002381d12b1a0 flushing  nmethod 0x0000023820b66710
Event: 38.201 Thread 0x000002381d12b1a0 flushing osr nmethod 0x0000023820b76710

Events (20 events):
Event: 179043.179 Thread 0x000002387b9a6360 Thread added: 0x000002387f501c10
Event: 179043.180 Thread 0x000002387f501c10 Thread exited: 0x000002387f501c10
Event: 181208.271 Thread 0x000002387b9a7080 Thread added: 0x000002387f5077f0
Event: 181208.274 Thread 0x000002387b9a6360 Thread exited: 0x000002387b9a6360
Event: 181575.357 Thread 0x000002387b9a7080 Thread added: 0x000002387f502fc0
Event: 181575.358 Thread 0x000002387f502fc0 Thread exited: 0x000002387f502fc0
Event: 181756.161 Thread 0x000002387d6571f0 Thread added: 0x000002387f505720
Event: 181816.213 Thread 0x000002387f505720 Thread exited: 0x000002387f505720
Event: 182067.293 Thread 0x000002387f5077f0 Thread added: 0x000002387f5022a0
Event: 182067.294 Thread 0x000002387f5022a0 Thread exited: 0x000002387f5022a0
Event: 183908.323 Thread 0x000002387b9a7080 Thread added: 0x000002387f506ad0
Event: 183968.324 Thread 0x000002387f506ad0 Thread exited: 0x000002387f506ad0
Event: 257599.941 Thread 0x000002387b9a7080 Thread added: 0x000002387f505720
Event: 257599.947 Thread 0x000002387f505720 Thread exited: 0x000002387f505720
Event: 292811.141 Thread 0x000002387b9a7080 Thread added: 0x000002387f505090
Event: 292811.144 Thread 0x000002387f5077f0 Thread exited: 0x000002387f5077f0
Event: 299111.198 Thread 0x000002387b9a7080 Thread added: 0x000002387f500860
Event: 299111.198 Thread 0x000002387f505090 Thread exited: 0x000002387f505090
Event: 334419.329 Thread 0x000002387f500860 Thread added: 0x000002387f500ef0
Event: 334419.330 Thread 0x000002387f500ef0 Thread exited: 0x000002387f500ef0


Dynamic libraries:
0x00007ff74c180000 - 0x00007ff74c18e000 	c:\Users\Johan\.vscode\extensions\redhat.java-1.44.0-win32-x64\jre\21.0.8-win32-x86_64\bin\java.exe
0x00007fffe3d50000 - 0x00007fffe3f67000 	C:\Windows\SYSTEM32\ntdll.dll
0x00007fffe1ae0000 - 0x00007fffe1ba4000 	C:\Windows\System32\KERNEL32.DLL
0x00007fffe16c0000 - 0x00007fffe1a77000 	C:\Windows\System32\KERNELBASE.dll
0x00007fffda9b0000 - 0x00007fffdaa47000 	C:\Windows\SYSTEM32\apphelp.dll
0x00007fffe11e0000 - 0x00007fffe12f1000 	C:\Windows\System32\ucrtbase.dll
0x00007fffc3f30000 - 0x00007fffc3f48000 	c:\Users\Johan\.vscode\extensions\redhat.java-1.44.0-win32-x64\jre\21.0.8-win32-x86_64\bin\jli.dll
0x00007fffe2800000 - 0x00007fffe29af000 	C:\Windows\System32\USER32.dll
0x00007fffe1060000 - 0x00007fffe1086000 	C:\Windows\System32\win32u.dll
0x00007fffe1c30000 - 0x00007fffe1c59000 	C:\Windows\System32\GDI32.dll
0x00007fffe1300000 - 0x00007fffe1418000 	C:\Windows\System32\gdi32full.dll
0x00007fffe1140000 - 0x00007fffe11da000 	C:\Windows\System32\msvcp_win.dll
0x00007fffbca40000 - 0x00007fffbca5e000 	c:\Users\Johan\.vscode\extensions\redhat.java-1.44.0-win32-x64\jre\21.0.8-win32-x86_64\bin\VCRUNTIME140.dll
0x00007fffca120000 - 0x00007fffca3b3000 	C:\Windows\WinSxS\amd64_microsoft.windows.common-controls_6595b64144ccf1df_6.0.22621.3672_none_2713b9d173822955\COMCTL32.dll
0x00007fffe3690000 - 0x00007fffe3737000 	C:\Windows\System32\msvcrt.dll
0x00007fffe1a80000 - 0x00007fffe1ab1000 	C:\Windows\System32\IMM32.DLL
0x00007fffcebe0000 - 0x00007fffcebec000 	c:\Users\Johan\.vscode\extensions\redhat.java-1.44.0-win32-x64\jre\21.0.8-win32-x86_64\bin\vcruntime140_1.dll
0x00007fff8d720000 - 0x00007fff8d7ad000 	c:\Users\Johan\.vscode\extensions\redhat.java-1.44.0-win32-x64\jre\21.0.8-win32-x86_64\bin\msvcp140.dll
0x00007ffed7dd0000 - 0x00007ffed8b67000 	c:\Users\Johan\.vscode\extensions\redhat.java-1.44.0-win32-x64\jre\21.0.8-win32-x86_64\bin\server\jvm.dll
0x00007fffe20b0000 - 0x00007fffe2162000 	C:\Windows\System32\ADVAPI32.dll
0x00007fffe32d0000 - 0x00007fffe3378000 	C:\Windows\System32\sechost.dll
0x00007fffe1090000 - 0x00007fffe10b8000 	C:\Windows\System32\bcrypt.dll
0x00007fffe1f90000 - 0x00007fffe20a4000 	C:\Windows\System32\RPCRT4.dll
0x00007fffe2170000 - 0x00007fffe21e1000 	C:\Windows\System32\WS2_32.dll
0x00007fffdff10000 - 0x00007fffdff5d000 	C:\Windows\SYSTEM32\POWRPROF.dll
0x00007fffdb700000 - 0x00007fffdb734000 	C:\Windows\SYSTEM32\WINMM.dll
0x00007fffdb2a0000 - 0x00007fffdb2aa000 	C:\Windows\SYSTEM32\VERSION.dll
0x00007fffdfef0000 - 0x00007fffdff03000 	C:\Windows\SYSTEM32\UMPDC.dll
0x00007fffe01a0000 - 0x00007fffe01b8000 	C:\Windows\SYSTEM32\kernel.appcore.dll
0x00007fffce9f0000 - 0x00007fffce9fa000 	c:\Users\Johan\.vscode\extensions\redhat.java-1.44.0-win32-x64\jre\21.0.8-win32-x86_64\bin\jimage.dll
0x00007fffd74b0000 - 0x00007fffd76e2000 	C:\Windows\SYSTEM32\DBGHELP.DLL
0x00007fffe3980000 - 0x00007fffe3d0e000 	C:\Windows\System32\combase.dll
0x00007fffe1eb0000 - 0x00007fffe1f87000 	C:\Windows\System32\OLEAUT32.dll
0x00007fffc3430000 - 0x00007fffc3462000 	C:\Windows\SYSTEM32\dbgcore.DLL
0x00007fffe10c0000 - 0x00007fffe113b000 	C:\Windows\System32\bcryptPrimitives.dll
0x00007fffc8f40000 - 0x00007fffc8f4f000 	c:\Users\Johan\.vscode\extensions\redhat.java-1.44.0-win32-x64\jre\21.0.8-win32-x86_64\bin\instrument.dll
0x00007fffa0200000 - 0x00007fffa021f000 	c:\Users\Johan\.vscode\extensions\redhat.java-1.44.0-win32-x64\jre\21.0.8-win32-x86_64\bin\java.dll
0x00007fffe2a60000 - 0x00007fffe32c9000 	C:\Windows\System32\SHELL32.dll
0x00007fffdefe0000 - 0x00007fffdf8df000 	C:\Windows\SYSTEM32\windows.storage.dll
0x00007fffdeea0000 - 0x00007fffdefdf000 	C:\Windows\SYSTEM32\wintypes.dll
0x00007fffe1c70000 - 0x00007fffe1d69000 	C:\Windows\System32\SHCORE.dll
0x00007fffe3760000 - 0x00007fffe37be000 	C:\Windows\System32\shlwapi.dll
0x00007fffe0f90000 - 0x00007fffe0fb7000 	C:\Windows\SYSTEM32\profapi.dll
0x00007fffbb8a0000 - 0x00007fffbb8b8000 	c:\Users\Johan\.vscode\extensions\redhat.java-1.44.0-win32-x64\jre\21.0.8-win32-x86_64\bin\zip.dll
0x00007fffc9e40000 - 0x00007fffc9e50000 	C:\Users\Johan\.vscode\extensions\redhat.java-1.44.0-win32-x64\jre\21.0.8-win32-x86_64\bin\net.dll
0x00007fffdde50000 - 0x00007fffddf86000 	C:\Windows\SYSTEM32\WINHTTP.dll
0x00007fffe0610000 - 0x00007fffe0679000 	C:\Windows\system32\mswsock.dll
0x00007fffa0cb0000 - 0x00007fffa0cc6000 	C:\Users\Johan\.vscode\extensions\redhat.java-1.44.0-win32-x64\jre\21.0.8-win32-x86_64\bin\nio.dll
0x00007fffc9c50000 - 0x00007fffc9c60000 	c:\Users\Johan\.vscode\extensions\redhat.java-1.44.0-win32-x64\jre\21.0.8-win32-x86_64\bin\verify.dll
0x00007fff92a80000 - 0x00007fff92ac5000 	C:\Users\Johan\AppData\Roaming\Code\User\globalStorage\redhat.java\1.44.0\config_win\org.eclipse.equinox.launcher\org.eclipse.equinox.launcher.win32.win32.x86_64_1.2.1400.v20250730-1736\eclipse_11913.dll
0x00007fffe3380000 - 0x00007fffe3525000 	C:\Windows\System32\ole32.dll
0x00007fffe0860000 - 0x00007fffe087b000 	C:\Windows\SYSTEM32\CRYPTSP.dll
0x00007fffe0100000 - 0x00007fffe0135000 	C:\Windows\system32\rsaenh.dll
0x00007fffe0700000 - 0x00007fffe0728000 	C:\Windows\SYSTEM32\USERENV.dll
0x00007fffe0880000 - 0x00007fffe088c000 	C:\Windows\SYSTEM32\CRYPTBASE.dll
0x00007fffdfbb0000 - 0x00007fffdfbdd000 	C:\Windows\SYSTEM32\IPHLPAPI.DLL
0x00007fffe2690000 - 0x00007fffe2699000 	C:\Windows\System32\NSI.dll
0x00007fff92440000 - 0x00007fff92489000 	C:\Users\Johan\AppData\Local\Temp\jna-71750416\jna11339200152360657953.dll
0x00007fffe1c60000 - 0x00007fffe1c68000 	C:\Windows\System32\PSAPI.DLL
0x00007fffdc2c0000 - 0x00007fffdc2d9000 	C:\Windows\SYSTEM32\dhcpcsvc6.DLL
0x00007fffdbe60000 - 0x00007fffdbe7f000 	C:\Windows\SYSTEM32\dhcpcsvc.DLL
0x00007fff960e0000 - 0x00007fff96107000 	C:\Users\Johan\.gradle\native\c067742578af261105cb4f569cf0c3c89f3d7b1fecec35dd04571415982c5e48\windows-amd64\native-platform.dll
0x00007fffc8210000 - 0x00007fffc821a000 	C:\Users\Johan\.vscode\extensions\redhat.java-1.44.0-win32-x64\jre\21.0.8-win32-x86_64\bin\management.dll
0x00007fffc1100000 - 0x00007fffc110b000 	C:\Users\Johan\.vscode\extensions\redhat.java-1.44.0-win32-x64\jre\21.0.8-win32-x86_64\bin\management_ext.dll
0x00007fffc95b0000 - 0x00007fffc95b9000 	C:\Users\Johan\.vscode\extensions\redhat.java-1.44.0-win32-x64\jre\21.0.8-win32-x86_64\bin\extnet.dll
0x00007fffc95c0000 - 0x00007fffc95ce000 	C:\Users\Johan\.vscode\extensions\redhat.java-1.44.0-win32-x64\jre\21.0.8-win32-x86_64\bin\sunmscapi.dll
0x00007fffe1550000 - 0x00007fffe16b6000 	C:\Windows\System32\CRYPT32.dll
0x00007fffe0a20000 - 0x00007fffe0a4d000 	C:\Windows\SYSTEM32\ncrypt.dll
0x00007fffe09e0000 - 0x00007fffe0a17000 	C:\Windows\SYSTEM32\NTASN1.dll
0x00007fff7f9d0000 - 0x00007fff7f9d8000 	C:\Windows\system32\wshunix.dll

JVMTI agents:
c:\Users\Johan\.vscode\extensions\redhat.java-1.44.0-win32-x64\lombok\lombok-1.18.39-4050.jar path:c:\Users\Johan\.vscode\extensions\redhat.java-1.44.0-win32-x64\jre\21.0.8-win32-x86_64\bin\instrument.dll, loaded, initialized, instrumentlib options:none

dbghelp: loaded successfully - version: 4.0.5 - missing functions: none
symbol engine: initialized successfully - sym options: 0x614 - pdb path: .;c:\Users\Johan\.vscode\extensions\redhat.java-1.44.0-win32-x64\jre\21.0.8-win32-x86_64\bin;C:\Windows\SYSTEM32;C:\Windows\WinSxS\amd64_microsoft.windows.common-controls_6595b64144ccf1df_6.0.22621.3672_none_2713b9d173822955;c:\Users\Johan\.vscode\extensions\redhat.java-1.44.0-win32-x64\jre\21.0.8-win32-x86_64\bin\server;C:\Users\Johan\AppData\Roaming\Code\User\globalStorage\redhat.java\1.44.0\config_win\org.eclipse.equinox.launcher\org.eclipse.equinox.launcher.win32.win32.x86_64_1.2.1400.v20250730-1736;C:\Users\Johan\AppData\Local\Temp\jna-71750416;C:\Users\Johan\.gradle\native\c067742578af261105cb4f569cf0c3c89f3d7b1fecec35dd04571415982c5e48\windows-amd64

VM Arguments:
jvm_args: --add-modules=ALL-SYSTEM --add-opens=java.base/java.util=ALL-UNNAMED --add-opens=java.base/java.lang=ALL-UNNAMED --add-opens=java.base/sun.nio.fs=ALL-UNNAMED -Declipse.application=org.eclipse.jdt.ls.core.id1 -Dosgi.bundles.defaultStartLevel=4 -Declipse.product=org.eclipse.jdt.ls.core.product -Djava.import.generatesMetadataFilesAtProjectRoot=false -DDetectVMInstallationsJob.disabled=true -Dfile.encoding=utf8 -XX:+UseParallelGC -XX:GCTimeRatio=4 -XX:AdaptiveSizePolicyWeight=90 -Dsun.zip.disableMemoryMapping=true -Xmx2G -Xms100m -Xlog:disable -javaagent:c:\Users\Johan\.vscode\extensions\redhat.java-1.44.0-win32-x64\lombok\lombok-1.18.39-4050.jar -XX:+HeapDumpOnOutOfMemoryError -XX:HeapDumpPath=c:\Users\Johan\AppData\Roaming\Code\User\workspaceStorage\c8dd6b7321bf6326f535194bcdc951f0\redhat.java -Daether.dependencyCollector.impl=bf 
java_command: c:\Users\Johan\.vscode\extensions\redhat.java-1.44.0-win32-x64\server\plugins\org.eclipse.equinox.launcher_1.7.0.v20250519-0528.jar -configuration c:\Users\Johan\AppData\Roaming\Code\User\globalStorage\redhat.java\1.44.0\config_win -data c:\Users\Johan\AppData\Roaming\Code\User\workspaceStorage\c8dd6b7321bf6326f535194bcdc951f0\redhat.java\jdt_ws --pipe=\\.\pipe\lsp-6aee45b6ffd36d1f09651311fa53e3b0-sock
java_class_path (initial): c:\Users\Johan\.vscode\extensions\redhat.java-1.44.0-win32-x64\server\plugins\org.eclipse.equinox.launcher_1.7.0.v20250519-0528.jar
Launcher Type: SUN_STANDARD

[Global flags]
    uintx AdaptiveSizePolicyWeight                 = 90                                        {product} {command line}
     intx CICompilerCount                          = 4                                         {product} {ergonomic}
    uintx GCTimeRatio                              = 4                                         {product} {command line}
     bool HeapDumpOnOutOfMemoryError               = true                                   {manageable} {command line}
    ccstr HeapDumpPath                             = c:\Users\Johan\AppData\Roaming\Code\User\workspaceStorage\c8dd6b7321bf6326f535194bcdc951f0\redhat.java         {manageable} {command line}
   size_t InitialHeapSize                          = 104857600                                 {product} {command line}
   size_t MaxHeapSize                              = 2147483648                                {product} {command line}
   size_t MaxNewSize                               = 715653120                                 {product} {ergonomic}
   size_t MinHeapDeltaBytes                        = 524288                                    {product} {ergonomic}
   size_t MinHeapSize                              = 104857600                                 {product} {command line}
   size_t NewSize                                  = 34603008                                  {product} {ergonomic}
    uintx NonNMethodCodeHeapSize                   = 5839372                                {pd product} {ergonomic}
    uintx NonProfiledCodeHeapSize                  = 122909434                              {pd product} {ergonomic}
   size_t OldSize                                  = 70254592                                  {product} {ergonomic}
    uintx ProfiledCodeHeapSize                     = 122909434                              {pd product} {ergonomic}
    uintx ReservedCodeCacheSize                    = 251658240                              {pd product} {ergonomic}
     bool SegmentedCodeCache                       = true                                      {product} {ergonomic}
   size_t SoftMaxHeapSize                          = 2147483648                             {manageable} {ergonomic}
     bool UseCompressedOops                        = true                           {product lp64_product} {ergonomic}
     bool UseLargePagesIndividualAllocation        = false                                  {pd product} {ergonomic}
     bool UseParallelGC                            = true                                      {product} {command line}

Logging:
Log output configuration:
 #0: stdout all=off uptime,level,tags foldmultilines=false
 #1: stderr all=off uptime,level,tags foldmultilines=false

Environment Variables:
JAVA_HOME=C:\Java\jdk-1.8
PATH=C:\Program Files (x86)\Common Files\Intel\Shared Libraries\redist\intel64\compiler;C:\Users\Johan\Downloads\WINDOWS.X64_193000_db_home\bin;C:\Program Files (x86)\VMware\VMware Workstation\bin\;C:\Program Files\Common Files\Oracle\Java\javapath;C:\Program Files (x86)\Common Files\Oracle\Java\java8path;C:\Program Files (x86)\Common Files\Oracle\Java\javapath;C:\Windows\system32;C:\Windows;C:\Windows\System32\Wbem;C:\Windows\System32\WindowsPowerShell\v1.0\;C:\Windows\System32\OpenSSH\;C:\Program Files\dotnet\;C:\Program Files (x86)\Microsoft SQL Server\160\Tools\Binn\;C:\Program Files\Microsoft SQL Server\160\Tools\Binn\;C:\Program Files\Microsoft SQL Server\Client SDK\ODBC\170\Tools\Binn\;C:\Program Files\Microsoft SQL Server\160\DTS\Binn\;C:\Program Files (x86)\Microsoft SQL Server\160\DTS\Binn\;C:\Program Files\Git\cmd;C:\Program Files\nodejs\;C:\Program Files\PuTTY\;C:\Java\jdk-1.8\bin;C:\Program Files\PowerShell\7\;C:\Python\Scripts\;C:\Python\;C:\Users\Johan\AppData\Local\Microsoft\WindowsApps;C:\Users\Johan\.dotnet\tools;C:\Users\Johan\AppData\Local\Programs\Microsoft VS Code\bin;C:\flutter\bin;C:\flutter\flutter\bin;C:\Users\Johan\AppData\Roaming\npm;C:\Archivos de programa\nodejs\;C:\Users\Johan\AppData\Local\Pub\Cache\bin
USERNAME=Johan
OS=Windows_NT
PROCESSOR_IDENTIFIER=Intel64 Family 6 Model 158 Stepping 9, GenuineIntel
TMP=C:\Users\Johan\AppData\Local\Temp
TEMP=C:\Users\Johan\AppData\Local\Temp




Periodic native trim disabled

---------------  S Y S T E M  ---------------

OS:
 Windows 11 , 64 bit Build 22621 (10.0.22621.3958)
OS uptime: 16 days 2:17 hours

CPU: total 8 (initial active 8) (4 cores per cpu, 2 threads per core) family 6 model 158 stepping 9 microcode 0xea, cx8, cmov, fxsr, ht, mmx, 3dnowpref, sse, sse2, sse3, ssse3, sse4.1, sse4.2, popcnt, lzcnt, tsc, tscinvbit, avx, avx2, aes, erms, clmul, bmi1, bmi2, rtm, adx, fma, vzeroupper, clflush, clflushopt, rdtscp, f16c
Processor Information for the first 8 processors :
  Max Mhz: 3000, Current Mhz: 3000, Mhz Limit: 3000

Memory: 4k page, system-wide physical 40767M (2047M free)
TotalPageFile size 100441M (AvailPageFile size 2M)
current process WorkingSet (physical memory assigned to process): 100M, peak: 451M
current process commit charge ("private bytes"): 506M, peak: 524M

vm_info: OpenJDK 64-Bit Server VM (21.0.8+9-LTS) for windows-amd64 JRE (21.0.8+9-LTS), built on 2025-07-15T00:00:00Z by "admin" with MS VC++ 17.7 (VS2022)

END.
